#-----------------------------------------------------------
# Webtalk v2018.2 (64-bit)
# SW Build 2258646 on Thu Jun 14 20:03:12 MDT 2018
# 
# Start of session at: Fri Jul 27 16:17:44 2018
# Process ID: 12740
# Current directory: C:/Intro/Zedboard_tutorial1/Zedboard_tutorial1.sdk/webtalk
# Command line: wbtcv.exe -mode batch -source sdk_webtalk.tcl
# Log file: C:/Intro/Zedboard_tutorial1/Zedboard_tutorial1.sdk/webtalk/webtalk.log
# Journal file: C:/Intro/Zedboard_tutorial1/Zedboard_tutorial1.sdk/webtalk\webtalk.jou
#-----------------------------------------------------------
source sdk_webtalk.tcl
# webtalk_init -webtalk_dir C:\\Intro\\Zedboard_tutorial1\\Zedboard_tutorial1.sdk\\webtalk
# webtalk_register_client -client project
# webtalk_add_data -client project -key date_generated -value "2018-07-27 16:17:41" -context "software_version_and_target_device"
# webtalk_add_data -client project -key product_version -value "SDK v2018.2" -context "software_version_and_target_device"
# webtalk_add_data -client project -key build_version -value "2018.2" -context "software_version_and_target_device"
# webtalk_add_data -client project -key os_platform -value "amd64" -context "software_version_and_target_device"
# webtalk_add_data -client project -key registration_id -value "" -context "software_version_and_target_device"
# webtalk_add_data -client project -key tool_flow -value "SDK" -context "software_version_and_target_device"
# webtalk_add_data -client project -key beta -value "false" -context "software_version_and_target_device"
# webtalk_add_data -client project -key route_design -value "NA" -context "software_version_and_target_device"
# webtalk_add_data -client project -key target_family -value "NA" -context "software_version_and_target_device"
# webtalk_add_data -client project -key target_device -value "NA" -context "software_version_and_target_device"
# webtalk_add_data -client project -key target_package -value "NA" -context "software_version_and_target_device"
# webtalk_add_data -client project -key target_speed -value "NA" -context "software_version_and_target_device"
# webtalk_add_data -client project -key random_id -value "6ktgamseqejpil1ojkfec9h3ab" -context "software_version_and_target_device"
# webtalk_add_data -client project -key project_id -value "2018.2_3" -context "software_version_and_target_device"
# webtalk_add_data -client project -key project_iteration -value "3" -context "software_version_and_target_device"
# webtalk_add_data -client project -key os_name -value "Microsoft Windows 7 , 64-bit" -context "user_environment"
# webtalk_add_data -client project -key os_release -value "Service Pack 1  (build 7601)" -context "user_environment"
# webtalk_add_data -client project -key cpu_name -value "Intel(R) Core(TM) i5-6300U CPU @ 2.40GHz" -context "user_environment"
# webtalk_add_data -client project -key cpu_speed -value "2496 MHz" -context "user_environment"
# webtalk_add_data -client project -key total_processors -value "1" -context "user_environment"
# webtalk_add_data -client project -key system_ram -value "8.235 GB" -context "user_environment"
# webtalk_register_client -client sdk
# webtalk_add_data -client sdk -key uid -value "1532609301154" -context "sdk\\\\hardware/1532609301154"
# webtalk_add_data -client sdk -key isZynq -value "true" -context "sdk\\\\hardware/1532609301154"
# webtalk_add_data -client sdk -key isZynqMP -value "false" -context "sdk\\\\hardware/1532609301154"
# webtalk_add_data -client sdk -key Processors -value "2" -context "sdk\\\\hardware/1532609301154"
# webtalk_add_data -client sdk -key VivadoVersion -value "2018.2" -context "sdk\\\\hardware/1532609301154"
# webtalk_add_data -client sdk -key Arch -value "zynq" -context "sdk\\\\hardware/1532609301154"
# webtalk_add_data -client sdk -key Device -value "7z020" -context "sdk\\\\hardware/1532609301154"
# webtalk_add_data -client sdk -key IsHandoff -value "true" -context "sdk\\\\hardware/1532609301154"
# webtalk_add_data -client sdk -key os -value "NA" -context "sdk\\\\hardware/1532609301154"
# webtalk_add_data -client sdk -key apptemplate -value "NA" -context "sdk\\\\hardware/1532609301154"
# webtalk_add_data -client sdk -key RecordType -value "HWCreation" -context "sdk\\\\hardware/1532609301154"
# webtalk_add_data -client sdk -key uid -value "1532609310738" -context "sdk\\\\bsp/1532609310738"
# webtalk_add_data -client sdk -key hwid -value "1532609301154" -context "sdk\\\\bsp/1532609310738"
# webtalk_add_data -client sdk -key os -value "standalone" -context "sdk\\\\bsp/1532609310738"
# webtalk_add_data -client sdk -key apptemplate -value "null" -context "sdk\\\\bsp/1532609310738"
# webtalk_add_data -client sdk -key RecordType -value "BSPCreation" -context "sdk\\\\bsp/1532609310738"
# webtalk_add_data -client sdk -key uid -value "1532609435780" -context "sdk\\\\application/1532609435780"
# webtalk_add_data -client sdk -key hwid -value "1532609301154" -context "sdk\\\\application/1532609435780"
# webtalk_add_data -client sdk -key bspid -value "1532609310738" -context "sdk\\\\application/1532609435780"
# webtalk_add_data -client sdk -key newbsp -value "false" -context "sdk\\\\application/1532609435780"
# webtalk_add_data -client sdk -key os -value "standalone" -context "sdk\\\\application/1532609435780"
# webtalk_add_data -client sdk -key apptemplate -value "hello_world" -context "sdk\\\\application/1532609435780"
# webtalk_add_data -client sdk -key RecordType -value "APPCreation" -context "sdk\\\\application/1532609435780"
# webtalk_add_data -client sdk -key LangUsed -value "C" -context "sdk\\\\application/1532609435780"
# webtalk_add_data -client sdk -key Procused -value "ps7_cortexa9" -context "sdk\\\\application/1532609435780"
# webtalk_add_data -client sdk -key projSize -value "202.07421875" -context "sdk\\\\application/1532609435780"
# webtalk_add_data -client sdk -key uid -value "1532697125902" -context "sdk\\\\bsp/1532697125902"
# webtalk_add_data -client sdk -key hwid -value "1532609301154" -context "sdk\\\\bsp/1532697125902"
# webtalk_add_data -client sdk -key os -value "standalone" -context "sdk\\\\bsp/1532697125902"
# webtalk_add_data -client sdk -key apptemplate -value "empty_application" -context "sdk\\\\bsp/1532697125902"
# webtalk_add_data -client sdk -key RecordType -value "BSPCreation" -context "sdk\\\\bsp/1532697125902"
# webtalk_add_data -client sdk -key uid -value "1532697131794" -context "sdk\\\\application/1532697131794"
# webtalk_add_data -client sdk -key hwid -value "1532609301154" -context "sdk\\\\application/1532697131794"
# webtalk_add_data -client sdk -key bspid -value "1532697125902" -context "sdk\\\\application/1532697131794"
# webtalk_add_data -client sdk -key newbsp -value "true" -context "sdk\\\\application/1532697131794"
# webtalk_add_data -client sdk -key os -value "standalone" -context "sdk\\\\application/1532697131794"
# webtalk_add_data -client sdk -key apptemplate -value "empty_application" -context "sdk\\\\application/1532697131794"
# webtalk_add_data -client sdk -key RecordType -value "APPCreation" -context "sdk\\\\application/1532697131794"
# webtalk_add_data -client sdk -key LangUsed -value "C" -context "sdk\\\\application/1532697131794"
# webtalk_add_data -client sdk -key Procused -value "ps7_cortexa9" -context "sdk\\\\application/1532697131794"
# webtalk_add_data -client sdk -key projSize -value "237.09765625" -context "sdk\\\\application/1532697131794"
# webtalk_add_data -client sdk -key uid -value "1532697762136" -context "sdk\\\\bsp/1532697762136"
# webtalk_add_data -client sdk -key hwid -value "1532609301154" -context "sdk\\\\bsp/1532697762136"
# webtalk_add_data -client sdk -key os -value "standalone" -context "sdk\\\\bsp/1532697762136"
# webtalk_add_data -client sdk -key apptemplate -value "empty_application" -context "sdk\\\\bsp/1532697762136"
# webtalk_add_data -client sdk -key RecordType -value "BSPCreation" -context "sdk\\\\bsp/1532697762136"
# webtalk_add_data -client sdk -key uid -value "1532697764081" -context "sdk\\\\application/1532697764081"
# webtalk_add_data -client sdk -key hwid -value "1532609301154" -context "sdk\\\\application/1532697764081"
# webtalk_add_data -client sdk -key bspid -value "1532697762136" -context "sdk\\\\application/1532697764081"
# webtalk_add_data -client sdk -key newbsp -value "true" -context "sdk\\\\application/1532697764081"
# webtalk_add_data -client sdk -key os -value "standalone" -context "sdk\\\\application/1532697764081"
# webtalk_add_data -client sdk -key apptemplate -value "empty_application" -context "sdk\\\\application/1532697764081"
# webtalk_add_data -client sdk -key RecordType -value "APPCreation" -context "sdk\\\\application/1532697764081"
# webtalk_add_data -client sdk -key LangUsed -value "C" -context "sdk\\\\application/1532697764081"
# webtalk_add_data -client sdk -key Procused -value "ps7_cortexa9" -context "sdk\\\\application/1532697764081"
# webtalk_add_data -client sdk -key uid -value "1532697905736" -context "sdk\\\\bsp/1532697905736"
# webtalk_add_data -client sdk -key hwid -value "1532609301154" -context "sdk\\\\bsp/1532697905736"
# webtalk_add_data -client sdk -key os -value "standalone" -context "sdk\\\\bsp/1532697905736"
# webtalk_add_data -client sdk -key apptemplate -value "hello_world" -context "sdk\\\\bsp/1532697905736"
# webtalk_add_data -client sdk -key RecordType -value "BSPCreation" -context "sdk\\\\bsp/1532697905736"
# webtalk_add_data -client sdk -key uid -value "1532697907807" -context "sdk\\\\application/1532697907807"
# webtalk_add_data -client sdk -key hwid -value "1532609301154" -context "sdk\\\\application/1532697907807"
# webtalk_add_data -client sdk -key bspid -value "1532697905736" -context "sdk\\\\application/1532697907807"
# webtalk_add_data -client sdk -key newbsp -value "true" -context "sdk\\\\application/1532697907807"
# webtalk_add_data -client sdk -key os -value "standalone" -context "sdk\\\\application/1532697907807"
# webtalk_add_data -client sdk -key apptemplate -value "hello_world" -context "sdk\\\\application/1532697907807"
# webtalk_add_data -client sdk -key RecordType -value "APPCreation" -context "sdk\\\\application/1532697907807"
# webtalk_add_data -client sdk -key LangUsed -value "C" -context "sdk\\\\application/1532697907807"
# webtalk_add_data -client sdk -key Procused -value "ps7_cortexa9" -context "sdk\\\\application/1532697907807"
# webtalk_add_data -client sdk -key projSize -value "201.69921875" -context "sdk\\\\application/1532697907807"
# webtalk_add_data -client sdk -key uid -value "NA" -context "sdk\\\\bsp/1532701061866"
# webtalk_add_data -client sdk -key RecordType -value "ToolUsage" -context "sdk\\\\bsp/1532701061866"
# webtalk_add_data -client sdk -key BootgenCount -value "0" -context "sdk\\\\bsp/1532701061866"
# webtalk_add_data -client sdk -key DebugCount -value "0" -context "sdk\\\\bsp/1532701061866"
# webtalk_add_data -client sdk -key PerfCount -value "0" -context "sdk\\\\bsp/1532701061866"
# webtalk_add_data -client sdk -key FlashCount -value "0" -context "sdk\\\\bsp/1532701061866"
# webtalk_add_data -client sdk -key CrossTriggCount -value "0" -context "sdk\\\\bsp/1532701061866"
# webtalk_add_data -client sdk -key QemuDebugCount -value "0" -context "sdk\\\\bsp/1532701061866"
# webtalk_transmit -clientid 839495815 -regid "" -xml C:\\Intro\\Zedboard_tutorial1\\Zedboard_tutorial1.sdk\\webtalk\\usage_statistics_ext_sdk.xml -html C:\\Intro\\Zedboard_tutorial1\\Zedboard_tutorial1.sdk\\webtalk\\usage_statistics_ext_sdk.html -wdm C:\\Intro\\Zedboard_tutorial1\\Zedboard_tutorial1.sdk\\webtalk\\sdk_webtalk.wdm -intro "<H3>SDK Usage Report</H3><BR>"
INFO: [Common 17-186] 'C:\Intro\Zedboard_tutorial1\Zedboard_tutorial1.sdk\webtalk\usage_statistics_ext_sdk.xml' has been successfully sent to Xilinx on Fri Jul 27 16:17:55 2018. For additional details about this file, please refer to the WebTalk help file at C:/Xilinx/SDK/2018.2/doc/webtalk_introduction.html.
# webtalk_terminate
INFO: [Common 17-206] Exiting Webtalk at Fri Jul 27 16:17:55 2018...
